[
  {
    "level": "INFO",
    "message": "android.ndkVersion from module build.gradle is 24.0.8215888"
  },
  {
    "level": "INFO",
    "message": "ndk.dir in local.properties is not set"
  },
  {
    "level": "INFO",
    "message": "ANDROID_NDK_HOME environment variable is not set"
  },
  {
    "level": "INFO",
    "message": "sdkFolder is /Users/yashua_evans/Library/Android/sdk"
  },
  {
    "level": "INFO",
    "message": "Considering /Users/yashua_evans/Library/Android/sdk/ndk-bundle in SDK ndk-bundle folder"
  },
  {
    "level": "INFO",
    "message": "Considering /Users/yashua_evans/Library/Android/sdk/ndk/24.0.8215888 in SDK ndk folder"
  },
  {
    "level": "INFO",
    "message": "Considering /Users/yashua_evans/Library/Android/sdk/ndk/21.4.7075529 in SDK ndk folder"
  },
  {
    "level": "INFO",
    "message": "Considering /Users/yashua_evans/Library/Android/sdk/ndk/23.2.8568313 in SDK ndk folder"
  },
  {
    "level": "INFO",
    "message": "Considering /Users/yashua_evans/Library/Android/sdk/ndk/23.1.7779620 in SDK ndk folder"
  },
  {
    "level": "INFO",
    "message": "Rejected /Users/yashua_evans/Library/Android/sdk/ndk-bundle in SDK ndk-bundle folder because that location has no source.properties"
  },
  {
    "level": "INFO",
    "message": "Found requested NDK version 24.0.8215888 at /Users/yashua_evans/Library/Android/sdk/ndk/24.0.8215888"
  }
]